<?xml version="1.0" encoding="utf-8"?><testsuites name="pytest tests"><testsuite name="pytest" errors="0" failures="0" skipped="0" tests="10" time="3.640" timestamp="2026-06-06T01:16:48.886704+00:00" hostname="agent-env-94c9b30f-7fa0-4922-b0d4-df0395a5faca"><testcase classname="test_str_analytics" name="test_root" time="0.429" /><testcase classname="test_str_analytics" name="test_sources_order" time="0.166" /><testcase classname="test_str_analytics" name="test_preview_with_sample" time="0.135" /><testcase classname="test_str_analytics" name="test_classification_random_text_unknown" time="0.203" /><testcase classname="test_str_analytics" name="test_confirm_and_list_reservations" time="0.577" /><testcase classname="test_str_analytics" name="test_append_no_duplicates" time="0.353" /><testcase classname="test_str_analytics" name="test_override_source" time="0.562" /><testcase classname="test_str_analytics" name="test_imports_log" time="0.107" /><testcase classname="test_str_analytics" name="test_analytics_summary" time="0.210" /><testcase classname="test_str_analytics" name="test_properties_crud" time="0.633" /></testsuite></testsuites>