<?xml version="1.0" encoding="utf-8"?><testsuites name="pytest tests"><testsuite name="pytest" errors="0" failures="0" skipped="0" tests="22" time="1.717" timestamp="2026-06-07T02:49:45.690497+00:00" hostname="agent-env-94c9b30f-7fa0-4922-b0d4-df0395a5faca"><testcase classname="backend.tests.test_stage2_segmentation.TestRecompute" name="test_returns_expected_shape" time="0.199" /><testcase classname="backend.tests.test_stage2_segmentation.TestGuestsList" name="test_list_all" time="0.041" /><testcase classname="backend.tests.test_stage2_segmentation.TestGuestsList" name="test_filter_by_segment" time="0.041" /><testcase classname="backend.tests.test_stage2_segmentation.TestGuestsList" name="test_high_value_direct" time="0.082" /><testcase classname="backend.tests.test_stage2_segmentation.TestGuestsList" name="test_high_value_ota" time="0.043" /><testcase classname="backend.tests.test_stage2_segmentation.TestGuestDetail" name="test_get_guest_by_email" time="0.045" /><testcase classname="backend.tests.test_stage2_segmentation.TestGuestDetail" name="test_tim_lee_cancellation" time="0.043" /><testcase classname="backend.tests.test_stage2_segmentation.TestGuestDetail" name="test_404" time="0.042" /><testcase classname="backend.tests.test_stage2_segmentation.TestSegments" name="test_returns_12_definitions" time="0.043" /><testcase classname="backend.tests.test_stage2_segmentation.TestSegments" name="test_ota_first_time_count" time="0.045" /><testcase classname="backend.tests.test_stage2_segmentation.TestCancellationSummary" name="test_summary_shape" time="0.044" /><testcase classname="backend.tests.test_stage2_segmentation.TestCancellationsList" name="test_list_cancellations" time="0.044" /><testcase classname="backend.tests.test_stage2_segmentation.TestCancellationsList" name="test_filter_by_source" time="0.124" /><testcase classname="backend.tests.test_stage2_segmentation.TestCancellationsList" name="test_filter_by_property" time="0.083" /><testcase classname="backend.tests.test_stage2_segmentation.TestCancellationsList" name="test_filter_by_segment" time="0.043" /><testcase classname="backend.tests.test_stage2_segmentation.TestCancellationExport" name="test_export_csv" time="0.045" /><testcase classname="backend.tests.test_stage2_segmentation.TestAutoRecompute" name="test_source_override_triggers_recompute" time="0.259" /><testcase classname="backend.tests.test_stage2_segmentation.TestStage1Regression" name="test_root" time="0.041" /><testcase classname="backend.tests.test_stage2_segmentation.TestStage1Regression" name="test_sources" time="0.043" /><testcase classname="backend.tests.test_stage2_segmentation.TestStage1Regression" name="test_analytics_summary" time="0.046" /><testcase classname="backend.tests.test_stage2_segmentation.TestStage1Regression" name="test_imports" time="0.043" /><testcase classname="backend.tests.test_stage2_segmentation.TestStage1Regression" name="test_properties" time="0.045" /></testsuite></testsuites>