<?xml version="1.0" encoding="utf-8"?><testsuites name="pytest tests"><testsuite name="pytest" errors="0" failures="0" skipped="0" tests="35" time="2.150" timestamp="2026-06-11T03:23:12.066461+00:00" hostname="agent-env-94c9b30f-7fa0-4922-b0d4-df0395a5faca"><testcase classname="backend.tests.test_stage4_analytics.TestAnalyticsRevenue" name="test_revenue_all_preset_keys_and_total" time="0.269" /><testcase classname="backend.tests.test_stage4_analytics.TestAnalyticsRevenue" name="test_revenue_preset_30" time="0.046" /><testcase classname="backend.tests.test_stage4_analytics.TestAnalyticsRevenue" name="test_revenue_custom_range" time="0.048" /><testcase classname="backend.tests.test_stage4_analytics.TestAnalyticsRevenue" name="test_revenue_property_filter" time="0.092" /><testcase classname="backend.tests.test_stage4_analytics.TestAnalyticsBookings" name="test_bookings_all" time="0.048" /><testcase classname="backend.tests.test_stage4_analytics.TestAnalyticsGuests" name="test_guests_all" time="0.048" /><testcase classname="backend.tests.test_stage4_analytics.TestAnalyticsConversion" name="test_conversion_all" time="0.048" /><testcase classname="backend.tests.test_stage4_analytics.TestAnalyticsCLV" name="test_clv_all" time="0.065" /><testcase classname="backend.tests.test_stage4_analytics.TestReports" name="test_reports_index_has_7" time="0.048" /><testcase classname="backend.tests.test_stage4_analytics.TestReports" name="test_report_count_endpoint[cancellation_period]" time="0.047" /><testcase classname="backend.tests.test_stage4_analytics.TestReports" name="test_report_count_endpoint[full_guest_database]" time="0.050" /><testcase classname="backend.tests.test_stage4_analytics.TestReports" name="test_report_count_endpoint[guests_at_risk_of_churning]" time="0.045" /><testcase classname="backend.tests.test_stage4_analytics.TestReports" name="test_report_count_endpoint[high_intent_cancellations]" time="0.046" /><testcase classname="backend.tests.test_stage4_analytics.TestReports" name="test_report_count_endpoint[ota_commission_period]" time="0.048" /><testcase classname="backend.tests.test_stage4_analytics.TestReports" name="test_report_count_endpoint[revenue_by_source_period]" time="0.048" /><testcase classname="backend.tests.test_stage4_analytics.TestReports" name="test_report_count_endpoint[top_conversion_opportunities]" time="0.046" /><testcase classname="backend.tests.test_stage4_analytics.TestReports" name="test_full_guest_db_count_is_10" time="0.046" /><testcase classname="backend.tests.test_stage4_analytics.TestReports" name="test_report_csv_download[cancellation_period]" time="0.049" /><testcase classname="backend.tests.test_stage4_analytics.TestReports" name="test_report_csv_download[full_guest_database]" time="0.052" /><testcase classname="backend.tests.test_stage4_analytics.TestReports" name="test_report_csv_download[guests_at_risk_of_churning]" time="0.045" /><testcase classname="backend.tests.test_stage4_analytics.TestReports" name="test_report_csv_download[high_intent_cancellations]" time="0.050" /><testcase classname="backend.tests.test_stage4_analytics.TestReports" name="test_report_csv_download[ota_commission_period]" time="0.046" /><testcase classname="backend.tests.test_stage4_analytics.TestReports" name="test_report_csv_download[revenue_by_source_period]" time="0.045" /><testcase classname="backend.tests.test_stage4_analytics.TestReports" name="test_report_csv_download[top_conversion_opportunities]" time="0.044" /><testcase classname="backend.tests.test_stage4_analytics.TestReports" name="test_full_guest_csv_has_10_rows" time="0.044" /><testcase classname="backend.tests.test_stage4_analytics.TestReports" name="test_unknown_report_returns_404" time="0.044" /><testcase classname="backend.tests.test_stage4_analytics.TestReports" name="test_report_count_respects_property_filter" time="0.136" /><testcase classname="backend.tests.test_stage4_analytics.TestRegression" name="test_sources" time="0.045" /><testcase classname="backend.tests.test_stage4_analytics.TestRegression" name="test_reservations" time="0.047" /><testcase classname="backend.tests.test_stage4_analytics.TestRegression" name="test_old_summary" time="0.044" /><testcase classname="backend.tests.test_stage4_analytics.TestRegression" name="test_segments" time="0.049" /><testcase classname="backend.tests.test_stage4_analytics.TestRegression" name="test_guests" time="0.071" /><testcase classname="backend.tests.test_stage4_analytics.TestRegression" name="test_scores_summary" time="0.047" /><testcase classname="backend.tests.test_stage4_analytics.TestRegression" name="test_commissions_summary" time="0.053" /><testcase classname="backend.tests.test_stage4_analytics.TestRegression" name="test_settings_commissions" time="0.046" /></testsuite></testsuites>