<?xml version="1.0" encoding="utf-8"?><testsuites name="pytest tests"><testsuite name="pytest" errors="0" failures="0" skipped="0" tests="16" time="2.603" timestamp="2026-06-11T04:37:47.485076+00:00" hostname="agent-env-94c9b30f-7fa0-4922-b0d4-df0395a5faca"><testcase classname="backend.tests.test_stage45_digest" name="test_get_digest_settings_shape" time="0.300" /><testcase classname="backend.tests.test_stage45_digest" name="test_put_digest_settings_roundtrip" time="0.114" /><testcase classname="backend.tests.test_stage45_digest" name="test_rotate_token" time="0.166" /><testcase classname="backend.tests.test_stage45_digest" name="test_preview_digest" time="0.059" /><testcase classname="backend.tests.test_stage45_digest" name="test_send_now_to_sandbox_recipient" time="0.420" /><testcase classname="backend.tests.test_stage45_digest" name="test_send_now_non_sandbox_recipient_returns_failed" time="0.379" /><testcase classname="backend.tests.test_stage45_digest" name="test_webhook_invalid_token" time="0.056" /><testcase classname="backend.tests.test_stage45_digest" name="test_webhook_skipped_when_disabled" time="0.222" /><testcase classname="backend.tests.test_stage45_digest" name="test_webhook_run_then_skip_no_new_data" time="0.399" /><testcase classname="backend.tests.test_stage45_digest" name="test_history" time="0.055" /><testcase classname="backend.tests.test_stage45_digest" name="test_prior_stages_still_200[/api/sources]" time="0.054" /><testcase classname="backend.tests.test_stage45_digest" name="test_prior_stages_still_200[/api/analytics/revenue]" time="0.054" /><testcase classname="backend.tests.test_stage45_digest" name="test_prior_stages_still_200[/api/scores/summary]" time="0.056" /><testcase classname="backend.tests.test_stage45_digest" name="test_prior_stages_still_200[/api/reports]" time="0.051" /><testcase classname="backend.tests.test_stage45_digest" name="test_prior_stages_still_200[/api/settings/commissions]" time="0.057" /><testcase classname="backend.tests.test_stage45_digest" name="test_zz_restore_final_state" time="0.053" /></testsuite></testsuites>