<?xml version="1.0" encoding="utf-8"?><testsuites name="pytest tests"><testsuite name="pytest" errors="0" failures="0" skipped="0" tests="20" time="1.575" timestamp="2026-06-11T05:18:01.634578+00:00" hostname="agent-env-94c9b30f-7fa0-4922-b0d4-df0395a5faca"><testcase classname="backend.tests.test_stage5_campaigns" name="test_campaigns_list" time="0.306" /><testcase classname="backend.tests.test_stage5_campaigns" name="test_predicates_sample_counts" time="0.055" /><testcase classname="backend.tests.test_stage5_campaigns" name="test_campaign_guests_sorted" time="0.048" /><testcase classname="backend.tests.test_stage5_campaigns" name="test_high_value_direct_guests_content" time="0.044" /><testcase classname="backend.tests.test_stage5_campaigns" name="test_campaigns_guests_unknown_404" time="0.042" /><testcase classname="backend.tests.test_stage5_campaigns" name="test_campaign_csv_export" time="0.043" /><testcase classname="backend.tests.test_stage5_campaigns" name="test_campaign_csv_unknown_404" time="0.047" /><testcase classname="backend.tests.test_stage5_campaigns" name="test_growth_tracker_shape" time="0.045" /><testcase classname="backend.tests.test_stage5_campaigns" name="test_direct_target_put_and_restore" time="0.178" /><testcase classname="backend.tests.test_stage5_campaigns" name="test_default_offers" time="0.044" /><testcase classname="backend.tests.test_stage5_campaigns" name="test_offer_crud" time="0.179" /><testcase classname="backend.tests.test_stage5_campaigns" name="test_offer_empty_code_400" time="0.043" /><testcase classname="backend.tests.test_stage5_campaigns" name="test_campaign_content_get_put" time="0.092" /><testcase classname="backend.tests.test_stage5_campaigns" name="test_campaign_content_unknown_404" time="0.044" /><testcase classname="backend.tests.test_stage5_campaigns" name="test_previous_stages_still_ok[/sources]" time="0.041" /><testcase classname="backend.tests.test_stage5_campaigns" name="test_previous_stages_still_ok[/analytics/revenue]" time="0.043" /><testcase classname="backend.tests.test_stage5_campaigns" name="test_previous_stages_still_ok[/scores/summary]" time="0.045" /><testcase classname="backend.tests.test_stage5_campaigns" name="test_previous_stages_still_ok[/reports]" time="0.044" /><testcase classname="backend.tests.test_stage5_campaigns" name="test_previous_stages_still_ok[/settings/digest]" time="0.047" /><testcase classname="backend.tests.test_stage5_campaigns" name="test_previous_stages_still_ok[/settings/commissions]" time="0.044" /></testsuite></testsuites>