<?xml version="1.0" encoding="utf-8"?><testsuites name="pytest tests"><testsuite name="pytest" errors="0" failures="0" skipped="0" tests="22" time="2.474" timestamp="2026-06-09T00:07:31.234884+00:00" hostname="agent-env-94c9b30f-7fa0-4922-b0d4-df0395a5faca"><testcase classname="backend.tests.test_stage3_scoring" name="test_stage1_sources" time="0.201" /><testcase classname="backend.tests.test_stage3_scoring" name="test_stage1_analytics_summary" time="0.085" /><testcase classname="backend.tests.test_stage3_scoring" name="test_stage2_segments_list" time="0.060" /><testcase classname="backend.tests.test_stage3_scoring" name="test_stage2_cancellations_summary" time="0.069" /><testcase classname="backend.tests.test_stage3_scoring" name="test_stage2_guests_list" time="0.062" /><testcase classname="backend.tests.test_stage3_scoring" name="test_stage2_guest_by_email" time="0.064" /><testcase classname="backend.tests.test_stage3_scoring" name="test_scores_recalculate" time="0.074" /><testcase classname="backend.tests.test_stage3_scoring" name="test_scores_summary" time="0.059" /><testcase classname="backend.tests.test_stage3_scoring" name="test_scores_guests_list_sorted" time="0.061" /><testcase classname="backend.tests.test_stage3_scoring" name="test_scores_filter_primary_source_ota" time="0.061" /><testcase classname="backend.tests.test_stage3_scoring" name="test_scores_filter_primary_source_direct" time="0.058" /><testcase classname="backend.tests.test_stage3_scoring" name="test_scores_filter_min_score" time="0.060" /><testcase classname="backend.tests.test_stage3_scoring" name="test_scores_filter_segment" time="0.058" /><testcase classname="backend.tests.test_stage3_scoring" name="test_scores_export_csv" time="0.061" /><testcase classname="backend.tests.test_stage3_scoring" name="test_mary_wong_direct_perfect_scores" time="0.057" /><testcase classname="backend.tests.test_stage3_scoring" name="test_tim_lee_repeat_canceller_zeros" time="0.062" /><testcase classname="backend.tests.test_stage3_scoring" name="test_ravi_patel_ota_high_value_segment" time="0.070" /><testcase classname="backend.tests.test_stage3_scoring" name="test_reservation_commission_fields" time="0.138" /><testcase classname="backend.tests.test_stage3_scoring" name="test_commissions_summary" time="0.078" /><testcase classname="backend.tests.test_stage3_scoring" name="test_settings_commissions_get_defaults" time="0.060" /><testcase classname="backend.tests.test_stage3_scoring" name="test_settings_commissions_put_roundtrip_airbnb" time="0.446" /><testcase classname="backend.tests.test_stage3_scoring" name="test_patch_source_triggers_score_recompute" time="0.319" /></testsuite></testsuites>